{"/Users/brunomptorres/frontend-test-v1.0.6/src/components/shoppingcart/shoppingcart.model.js": {"path":"/Users/brunomptorres/frontend-test-v1.0.6/src/components/shoppingcart/shoppingcart.model.js","statementMap":{"0":{"start":{"line":1,"column":0},"end":{"line":132,"column":5}},"1":{"start":{"line":2,"column":20},"end":{"line":2,"column":39}},"2":{"start":{"line":3,"column":16},"end":{"line":3,"column":20}},"3":{"start":{"line":6,"column":2},"end":{"line":6,"column":46}},"4":{"start":{"line":8,"column":2},"end":{"line":131,"column":4}},"5":{"start":{"line":10,"column":6},"end":{"line":10,"column":18}},"6":{"start":{"line":14,"column":6},"end":{"line":18,"column":7}},"7":{"start":{"line":15,"column":8},"end":{"line":17,"column":9}},"8":{"start":{"line":16,"column":10},"end":{"line":16,"column":19}},"9":{"start":{"line":19,"column":6},"end":{"line":19,"column":16}},"10":{"start":{"line":23,"column":6},"end":{"line":28,"column":7}},"11":{"start":{"line":24,"column":8},"end":{"line":24,"column":42}},"12":{"start":{"line":25,"column":8},"end":{"line":25,"column":33}},"13":{"start":{"line":27,"column":8},"end":{"line":27,"column":40}},"14":{"start":{"line":32,"column":6},"end":{"line":36,"column":7}},"15":{"start":{"line":33,"column":8},"end":{"line":33,"column":50}},"16":{"start":{"line":35,"column":8},"end":{"line":35,"column":84}},"17":{"start":{"line":40,"column":6},"end":{"line":47,"column":8}},"18":{"start":{"line":50,"column":2},"end":{"line":130,"column":6}},"19":{"start":{"line":52,"column":8},"end":{"line":72,"column":9}},"20":{"start":{"line":53,"column":10},"end":{"line":53,"column":48}},"21":{"start":{"line":54,"column":10},"end":{"line":54,"column":35}},"22":{"start":{"line":55,"column":10},"end":{"line":55,"column":45}},"23":{"start":{"line":57,"column":10},"end":{"line":59,"column":13}},"24":{"start":{"line":58,"column":12},"end":{"line":58,"column":63}},"25":{"start":{"line":61,"column":10},"end":{"line":61,"column":71}},"26":{"start":{"line":62,"column":10},"end":{"line":62,"column":70}},"27":{"start":{"line":64,"column":10},"end":{"line":71,"column":12}},"28":{"start":{"line":78,"column":20},"end":{"line":78,"column":82}},"29":{"start":{"line":79,"column":8},"end":{"line":83,"column":9}},"30":{"start":{"line":80,"column":10},"end":{"line":80,"column":59}},"31":{"start":{"line":82,"column":10},"end":{"line":82,"column":47}},"32":{"start":{"line":85,"column":8},"end":{"line":85,"column":100}},"33":{"start":{"line":86,"column":8},"end":{"line":86,"column":93}},"34":{"start":{"line":88,"column":8},"end":{"line":88,"column":26}},"35":{"start":{"line":92,"column":20},"end":{"line":92,"column":70}},"36":{"start":{"line":94,"column":8},"end":{"line":100,"column":9}},"37":{"start":{"line":95,"column":10},"end":{"line":95,"column":93}},"38":{"start":{"line":96,"column":10},"end":{"line":96,"column":54}},"39":{"start":{"line":97,"column":10},"end":{"line":97,"column":93}},"40":{"start":{"line":98,"column":10},"end":{"line":98,"column":71}},"41":{"start":{"line":99,"column":10},"end":{"line":99,"column":70}},"42":{"start":{"line":102,"column":8},"end":{"line":102,"column":26}},"43":{"start":{"line":106,"column":8},"end":{"line":108,"column":9}},"44":{"start":{"line":107,"column":10},"end":{"line":107,"column":48}},"45":{"start":{"line":110,"column":8},"end":{"line":113,"column":9}},"46":{"start":{"line":111,"column":10},"end":{"line":111,"column":21}},"47":{"start":{"line":112,"column":10},"end":{"line":112,"column":28}},"48":{"start":{"line":115,"column":8},"end":{"line":124,"column":11}},"49":{"start":{"line":116,"column":22},"end":{"line":116,"column":72}},"50":{"start":{"line":118,"column":10},"end":{"line":123,"column":11}},"51":{"start":{"line":119,"column":12},"end":{"line":119,"column":95}},"52":{"start":{"line":120,"column":12},"end":{"line":120,"column":73}},"53":{"start":{"line":121,"column":12},"end":{"line":121,"column":72}},"54":{"start":{"line":122,"column":12},"end":{"line":122,"column":43}},"55":{"start":{"line":126,"column":8},"end":{"line":126,"column":26}}},"fnMap":{"0":{"name":"(anonymous_0)","decl":{"start":{"line":1,"column":1},"end":{"line":1,"column":2}},"loc":{"start":{"line":1,"column":12},"end":{"line":132,"column":1}},"line":1},"1":{"name":"(anonymous_1)","decl":{"start":{"line":8,"column":35},"end":{"line":8,"column":36}},"loc":{"start":{"line":8,"column":46},"end":{"line":131,"column":3}},"line":8},"2":{"name":"_getCart","decl":{"start":{"line":9,"column":13},"end":{"line":9,"column":21}},"loc":{"start":{"line":9,"column":24},"end":{"line":11,"column":5}},"line":9},"3":{"name":"arrayObjectIndexOf","decl":{"start":{"line":13,"column":13},"end":{"line":13,"column":31}},"loc":{"start":{"line":13,"column":53},"end":{"line":20,"column":5}},"line":13},"4":{"name":"addExistingProduct","decl":{"start":{"line":22,"column":13},"end":{"line":22,"column":31}},"loc":{"start":{"line":22,"column":62},"end":{"line":29,"column":5}},"line":22},"5":{"name":"addNewProduct","decl":{"start":{"line":31,"column":13},"end":{"line":31,"column":26}},"loc":{"start":{"line":31,"column":50},"end":{"line":37,"column":5}},"line":31},"6":{"name":"_destroy","decl":{"start":{"line":39,"column":13},"end":{"line":39,"column":21}},"loc":{"start":{"line":39,"column":24},"end":{"line":48,"column":5}},"line":39},"7":{"name":"(anonymous_7)","decl":{"start":{"line":51,"column":12},"end":{"line":51,"column":13}},"loc":{"start":{"line":51,"column":35},"end":{"line":73,"column":7}},"line":51},"8":{"name":"(anonymous_8)","decl":{"start":{"line":57,"column":32},"end":{"line":57,"column":33}},"loc":{"start":{"line":57,"column":47},"end":{"line":59,"column":11}},"line":57},"9":{"name":"(anonymous_9)","decl":{"start":{"line":77,"column":19},"end":{"line":77,"column":20}},"loc":{"start":{"line":77,"column":52},"end":{"line":89,"column":7}},"line":77},"10":{"name":"(anonymous_10)","decl":{"start":{"line":91,"column":29},"end":{"line":91,"column":30}},"loc":{"start":{"line":91,"column":60},"end":{"line":103,"column":7}},"line":91},"11":{"name":"(anonymous_11)","decl":{"start":{"line":105,"column":22},"end":{"line":105,"column":23}},"loc":{"start":{"line":105,"column":49},"end":{"line":127,"column":7}},"line":105},"12":{"name":"(anonymous_12)","decl":{"start":{"line":115,"column":33},"end":{"line":115,"column":34}},"loc":{"start":{"line":115,"column":51},"end":{"line":124,"column":9}},"line":115}},"branchMap":{"0":{"loc":{"start":{"line":6,"column":22},"end":{"line":6,"column":45}},"type":"binary-expr","locations":[{"start":{"line":6,"column":22},"end":{"line":6,"column":39}},{"start":{"line":6,"column":43},"end":{"line":6,"column":45}}],"line":6},"1":{"loc":{"start":{"line":15,"column":8},"end":{"line":17,"column":9}},"type":"if","locations":[{"start":{"line":15,"column":8},"end":{"line":17,"column":9}},{"start":{"line":15,"column":8},"end":{"line":17,"column":9}}],"line":15},"2":{"loc":{"start":{"line":23,"column":6},"end":{"line":28,"column":7}},"type":"if","locations":[{"start":{"line":23,"column":6},"end":{"line":28,"column":7}},{"start":{"line":23,"column":6},"end":{"line":28,"column":7}}],"line":23},"3":{"loc":{"start":{"line":32,"column":6},"end":{"line":36,"column":7}},"type":"if","locations":[{"start":{"line":32,"column":6},"end":{"line":36,"column":7}},{"start":{"line":32,"column":6},"end":{"line":36,"column":7}}],"line":32},"4":{"loc":{"start":{"line":52,"column":8},"end":{"line":72,"column":9}},"type":"if","locations":[{"start":{"line":52,"column":8},"end":{"line":72,"column":9}},{"start":{"line":52,"column":8},"end":{"line":72,"column":9}}],"line":52},"5":{"loc":{"start":{"line":79,"column":8},"end":{"line":83,"column":9}},"type":"if","locations":[{"start":{"line":79,"column":8},"end":{"line":83,"column":9}},{"start":{"line":79,"column":8},"end":{"line":83,"column":9}}],"line":79},"6":{"loc":{"start":{"line":85,"column":32},"end":{"line":85,"column":99}},"type":"binary-expr","locations":[{"start":{"line":85,"column":33},"end":{"line":85,"column":93}},{"start":{"line":85,"column":98},"end":{"line":85,"column":99}}],"line":85},"7":{"loc":{"start":{"line":94,"column":8},"end":{"line":100,"column":9}},"type":"if","locations":[{"start":{"line":94,"column":8},"end":{"line":100,"column":9}},{"start":{"line":94,"column":8},"end":{"line":100,"column":9}}],"line":94},"8":{"loc":{"start":{"line":106,"column":8},"end":{"line":108,"column":9}},"type":"if","locations":[{"start":{"line":106,"column":8},"end":{"line":108,"column":9}},{"start":{"line":106,"column":8},"end":{"line":108,"column":9}}],"line":106},"9":{"loc":{"start":{"line":110,"column":8},"end":{"line":113,"column":9}},"type":"if","locations":[{"start":{"line":110,"column":8},"end":{"line":113,"column":9}},{"start":{"line":110,"column":8},"end":{"line":113,"column":9}}],"line":110},"10":{"loc":{"start":{"line":118,"column":10},"end":{"line":123,"column":11}},"type":"if","locations":[{"start":{"line":118,"column":10},"end":{"line":123,"column":11}},{"start":{"line":118,"column":10},"end":{"line":123,"column":11}}],"line":118}},"s":{"0":1,"1":1,"2":1,"3":1,"4":1,"5":48,"6":27,"7":21,"8":16,"9":11,"10":5,"11":4,"12":4,"13":1,"14":10,"15":8,"16":2,"17":2,"18":29,"19":29,"20":18,"21":18,"22":18,"23":18,"24":36,"25":18,"26":18,"27":11,"28":15,"29":15,"30":5,"31":10,"32":15,"33":15,"34":15,"35":7,"36":7,"37":6,"38":6,"39":6,"40":6,"41":6,"42":7,"43":6,"44":5,"45":6,"46":1,"47":1,"48":5,"49":5,"50":5,"51":4,"52":4,"53":4,"54":4,"55":5},"f":{"0":1,"1":29,"2":48,"3":27,"4":5,"5":10,"6":2,"7":29,"8":36,"9":15,"10":7,"11":6,"12":5},"b":{"0":[1,1],"1":[16,5],"2":[4,1],"3":[8,2],"4":[18,11],"5":[5,10],"6":[15,7],"7":[6,1],"8":[5,1],"9":[1,5],"10":[4,1]},"_coverageSchema":"332fd63041d2c1bcb487cc26dd0d5f7d97098a6c","hash":"f963bf2e909bc9221e10527eabef383a5f8da664"}
}
