TN:
SF:/Users/brunomptorres/frontend-test-v1.0.6/src/components/shoppingcart/shoppingcart.model.js
FN:1,(anonymous_0)
FN:8,(anonymous_1)
FN:9,_getCart
FN:13,arrayObjectIndexOf
FN:22,addExistingProduct
FN:31,addNewProduct
FN:39,_destroy
FN:51,(anonymous_7)
FN:57,(anonymous_8)
FN:77,(anonymous_9)
FN:91,(anonymous_10)
FN:105,(anonymous_11)
FN:115,(anonymous_12)
FNF:13
FNH:13
FNDA:1,(anonymous_0)
FNDA:29,(anonymous_1)
FNDA:48,_getCart
FNDA:27,arrayObjectIndexOf
FNDA:5,addExistingProduct
FNDA:10,addNewProduct
FNDA:2,_destroy
FNDA:29,(anonymous_7)
FNDA:36,(anonymous_8)
FNDA:15,(anonymous_9)
FNDA:7,(anonymous_10)
FNDA:6,(anonymous_11)
FNDA:5,(anonymous_12)
DA:1,1
DA:2,1
DA:3,1
DA:6,1
DA:8,1
DA:10,48
DA:14,27
DA:15,21
DA:16,16
DA:19,11
DA:23,5
DA:24,4
DA:25,4
DA:27,1
DA:32,10
DA:33,8
DA:35,2
DA:40,2
DA:50,29
DA:52,29
DA:53,18
DA:54,18
DA:55,18
DA:57,18
DA:58,36
DA:61,18
DA:62,18
DA:64,11
DA:78,15
DA:79,15
DA:80,5
DA:82,10
DA:85,15
DA:86,15
DA:88,15
DA:92,7
DA:94,7
DA:95,6
DA:96,6
DA:97,6
DA:98,6
DA:99,6
DA:102,7
DA:106,6
DA:107,5
DA:110,6
DA:111,1
DA:112,1
DA:115,5
DA:116,5
DA:118,5
DA:119,4
DA:120,4
DA:121,4
DA:122,4
DA:126,5
LF:56
LH:56
BRDA:6,0,0,1
BRDA:6,0,1,1
BRDA:15,1,0,16
BRDA:15,1,1,5
BRDA:23,2,0,4
BRDA:23,2,1,1
BRDA:32,3,0,8
BRDA:32,3,1,2
BRDA:52,4,0,18
BRDA:52,4,1,11
BRDA:79,5,0,5
BRDA:79,5,1,10
BRDA:85,6,0,15
BRDA:85,6,1,7
BRDA:94,7,0,6
BRDA:94,7,1,1
BRDA:106,8,0,5
BRDA:106,8,1,1
BRDA:110,9,0,1
BRDA:110,9,1,5
BRDA:118,10,0,4
BRDA:118,10,1,1
BRF:22
BRH:22
end_of_record
